CMake Warning (dev) at CMakeLists.txt:32:
  Syntax Warning in cmake code at column 106

  Argument not separated from preceding token by whitespace.
This warning is for project developers.  Use -Wno-dev to suppress it.

In file included from [01m[K/home/gbekeadesiyun/software_training/src/software_training_assignment/src/circular_move_publisher.cpp:1[m[K:
[01m[K/home/gbekeadesiyun/software_training/src/software_training_assignment/include/software_training_assignment/circular_move_publisher.hpp:20:5:[m[K [01;31m[Kerror: [m[Kâ€˜[01m[KSOFTWARE_TRAINING_ASSIGNMENT_PUBLIC[m[Kâ€™ does not name a type
   20 |     [01;31m[KSOFTWARE_TRAINING_ASSIGNMENT_PUBLIC[m[K
      |     [01;31m[K^~~~~~~~~~~~~~~~~~~~~~~~~~~~~~~~~~~[m[K
[01m[K/home/gbekeadesiyun/software_training/src/software_training_assignment/include/software_training_assignment/circular_move_publisher.hpp:37:31:[m[K [01;31m[Kerror: [m[Kâ€˜[01m[Kconstexpr[m[Kâ€™ static data member â€˜[01m[Kmy_queue[m[Kâ€™ must have an initializer
   37 | static constexpr unsigned int [01;31m[Kmy_queue[m[K[10];
      |                               [01;31m[K^~~~~~~~[m[K
[01m[K/home/gbekeadesiyun/software_training/src/software_training_assignment/include/software_training_assignment/circular_move_publisher.hpp:44:32:[m[K [01;31m[Kerror: [m[Kâ€˜[01m[Kconstexpr[m[Kâ€™ static data member â€˜[01m[Kx[m[Kâ€™ must have an initializer
   44 |         static constexpr float [01;31m[Kx[m[K;
      |                                [01;31m[K^[m[K
[01m[K/home/gbekeadesiyun/software_training/src/software_training_assignment/include/software_training_assignment/circular_move_publisher.hpp:45:32:[m[K [01;31m[Kerror: [m[Kâ€˜[01m[Kconstexpr[m[Kâ€™ static data member â€˜[01m[Ky[m[Kâ€™ must have an initializer
   45 |         static constexpr float [01;31m[Ky[m[K;
      |                                [01;31m[K^[m[K
[01m[K/home/gbekeadesiyun/software_training/src/software_training_assignment/include/software_training_assignment/circular_move_publisher.hpp:46:32:[m[K [01;31m[Kerror: [m[Kâ€˜[01m[Kconstexpr[m[Kâ€™ static data member â€˜[01m[Kz[m[Kâ€™ must have an initializer
   46 |         static constexpr float [01;31m[Kz[m[K;
      |                                [01;31m[K^[m[K
[01m[K/home/gbekeadesiyun/software_training/src/software_training_assignment/include/software_training_assignment/circular_move_publisher.hpp:53:32:[m[K [01;31m[Kerror: [m[Kâ€˜[01m[Kconstexpr[m[Kâ€™ static data member â€˜[01m[Kx[m[Kâ€™ must have an initializer
   53 |         static constexpr float [01;31m[Kx[m[K;
      |                                [01;31m[K^[m[K
[01m[K/home/gbekeadesiyun/software_training/src/software_training_assignment/include/software_training_assignment/circular_move_publisher.hpp:54:32:[m[K [01;31m[Kerror: [m[Kâ€˜[01m[Kconstexpr[m[Kâ€™ static data member â€˜[01m[Ky[m[Kâ€™ must have an initializer
   54 |         static constexpr float [01;31m[Ky[m[K;
      |                                [01;31m[K^[m[K
[01m[K/home/gbekeadesiyun/software_training/src/software_training_assignment/include/software_training_assignment/circular_move_publisher.hpp:55:32:[m[K [01;31m[Kerror: [m[Kâ€˜[01m[Kconstexpr[m[Kâ€™ static data member â€˜[01m[Kz[m[Kâ€™ must have an initializer
   55 |         static constexpr float [01;31m[Kz[m[K;
      |                                [01;31m[K^[m[K
[01m[K/home/gbekeadesiyun/software_training/src/software_training_assignment/src/circular_move_publisher.cpp:10:1:[m[K [01;31m[Kerror: [m[Kâ€˜[01m[KCircular_move_publisher[m[Kâ€™ does not name a type; did you mean â€˜[01m[KCircular_move_publisher_hpp[m[Kâ€™?
   10 | [01;31m[KCircular_move_publisher[m[K::Circular_move_publisher(
      | [01;31m[K^~~~~~~~~~~~~~~~~~~~~~~[m[K
      | [32m[KCircular_move_publisher_hpp[m[K
[01m[K/home/gbekeadesiyun/software_training/src/software_training_assignment/src/circular_move_publisher.cpp:25:6:[m[K [01;31m[Kerror: [m[Kâ€˜[01m[KCircular_move_publisher[m[Kâ€™ has not been declared
   25 | void [01;31m[KCircular_move_publisher[m[K::timer_callback()
      |      [01;31m[K^~~~~~~~~~~~~~~~~~~~~~~[m[K
[01m[K/home/gbekeadesiyun/software_training/src/software_training_assignment/src/circular_move_publisher.cpp:[m[K In function â€˜[01m[Kvoid composition::timer_callback()[m[Kâ€™:
[01m[K/home/gbekeadesiyun/software_training/src/software_training_assignment/src/circular_move_publisher.cpp:29:25:[m[K [01;31m[Kerror: [m[Kâ€˜[01m[KCircular_move_publisher[m[Kâ€™ has not been declared
   29 |     message->linear.x = [01;31m[KCircular_move_publisher[m[K::coordinates.linear.x;
      |                         [01;31m[K^~~~~~~~~~~~~~~~~~~~~~~[m[K
[01m[K/home/gbekeadesiyun/software_training/src/software_training_assignment/src/circular_move_publisher.cpp:30:25:[m[K [01;31m[Kerror: [m[Kâ€˜[01m[KCircular_move_publisher[m[Kâ€™ has not been declared
   30 |     message->linear.y = [01;31m[KCircular_move_publisher[m[K::coordinates.linear.y;
      |                         [01;31m[K^~~~~~~~~~~~~~~~~~~~~~~[m[K
[01m[K/home/gbekeadesiyun/software_training/src/software_training_assignment/src/circular_move_publisher.cpp:31:25:[m[K [01;31m[Kerror: [m[Kâ€˜[01m[KCircular_move_publisher[m[Kâ€™ has not been declared
   31 |     message->linear.z = [01;31m[KCircular_move_publisher[m[K::coordinates.linear.z;
      |                         [01;31m[K^~~~~~~~~~~~~~~~~~~~~~~[m[K
[01m[K/home/gbekeadesiyun/software_training/src/software_training_assignment/src/circular_move_publisher.cpp:33:26:[m[K [01;31m[Kerror: [m[Kâ€˜[01m[KCircular_move_publisher[m[Kâ€™ has not been declared
   33 |     message->angular.x = [01;31m[KCircular_move_publisher[m[K::coordinates.angular.x;
      |                          [01;31m[K^~~~~~~~~~~~~~~~~~~~~~~[m[K
[01m[K/home/gbekeadesiyun/software_training/src/software_training_assignment/src/circular_move_publisher.cpp:34:26:[m[K [01;31m[Kerror: [m[Kâ€˜[01m[KCircular_move_publisher[m[Kâ€™ has not been declared
   34 |     message->angular.y = [01;31m[KCircular_move_publisher[m[K::coordinates.angular.y;
      |                          [01;31m[K^~~~~~~~~~~~~~~~~~~~~~~[m[K
[01m[K/home/gbekeadesiyun/software_training/src/software_training_assignment/src/circular_move_publisher.cpp:35:26:[m[K [01;31m[Kerror: [m[Kâ€˜[01m[KCircular_move_publisher[m[Kâ€™ has not been declared
   35 |     message->angular.z = [01;31m[KCircular_move_publisher[m[K::coordinates.angular.z;
      |                          [01;31m[K^~~~~~~~~~~~~~~~~~~~~~~[m[K
[01m[K/home/gbekeadesiyun/software_training/src/software_training_assignment/src/circular_move_publisher.cpp:37:5:[m[K [01;31m[Kerror: [m[Kâ€˜[01m[Kpublisher[m[Kâ€™ was not declared in this scope
   37 |     [01;31m[Kpublisher[m[K->publish(std::move(message));
      |     [01;31m[K^~~~~~~~~[m[K
In file included from [01m[K/opt/ros/foxy/include/class_loader/class_loader.hpp:56[m[K,
                 from [01m[K/opt/ros/foxy/include/rclcpp_components/register_node_macro.hpp:18[m[K,
                 from [01m[K/home/gbekeadesiyun/software_training/src/software_training_assignment/src/circular_move_publisher.cpp:42[m[K:
[01m[K/home/gbekeadesiyun/software_training/src/software_training_assignment/src/circular_move_publisher.cpp:[m[K At global scope:
[01m[K/home/gbekeadesiyun/software_training/src/software_training_assignment/src/circular_move_publisher.cpp:45:46:[m[K [01;31m[Kerror: [m[Kâ€˜[01m[KCircular_move_publisher[m[Kâ€™ is not a member of â€˜[01m[Kcomposition[m[Kâ€™; did you mean â€˜[01m[KCircular_move_publisher_hpp[m[Kâ€™?
   45 | RCLCPP_COMPONENTS_REGISTER_NODE(composition::[01;31m[KCircular_move_publisher[m[K)
      |                                              [01;31m[K^~~~~~~~~~~~~~~~~~~~~~~[m[K
[01m[K/home/gbekeadesiyun/software_training/src/software_training_assignment/src/circular_move_publisher.cpp:45:46:[m[K [01;31m[Kerror: [m[Kâ€˜[01m[KCircular_move_publisher[m[Kâ€™ is not a member of â€˜[01m[Kcomposition[m[Kâ€™; did you mean â€˜[01m[KCircular_move_publisher_hpp[m[Kâ€™?
[01m[K/home/gbekeadesiyun/software_training/src/software_training_assignment/src/circular_move_publisher.cpp:45:1:[m[K [01;31m[Kerror: [m[Ktemplate argument 1 is invalid
   45 | [01;31m[KRCLCPP_COMPONENTS_REGISTER_NODE[m[K(composition::Circular_move_publisher)
      | [01;31m[K^~~~~~~~~~~~~~~~~~~~~~~~~~~~~~~[m[K
In file included from [01m[K/opt/ros/foxy/include/class_loader/class_loader_core.hpp:57[m[K,
                 from [01m[K/opt/ros/foxy/include/class_loader/class_loader.hpp:55[m[K,
                 from [01m[K/opt/ros/foxy/include/rclcpp_components/register_node_macro.hpp:18[m[K,
                 from [01m[K/home/gbekeadesiyun/software_training/src/software_training_assignment/src/circular_move_publisher.cpp:42[m[K:
/opt/ros/foxy/include/class_loader/meta_object.hpp: In instantiation of â€˜[01m[KB* class_loader::impl::MetaObject<C, B>::create() const [with C = int; B = rclcpp_components::NodeFactory][m[Kâ€™:
[01m[K/opt/ros/foxy/include/class_loader/meta_object.hpp:216:7:[m[K   required from here
[01m[K/opt/ros/foxy/include/class_loader/meta_object.hpp:218:12:[m[K [01;31m[Kerror: [m[Kcannot convert â€˜[01m[Kint*[m[Kâ€™ to â€˜[01m[Krclcpp_components::NodeFactory*[m[Kâ€™ in return
  218 |     return [01;31m[Knew C[m[K;
      |            [01;31m[K^~~~~[m[K
      |            [01;31m[K|[m[K
      |            [01;31m[Kint*[m[K
make[2]: *** [CMakeFiles/circular_publisher.dir/build.make:63: CMakeFiles/circular_publisher.dir/src/circular_move_publisher.cpp.o] Error 1
make[1]: *** [CMakeFiles/Makefile2:78: CMakeFiles/circular_publisher.dir/all] Error 2
make: *** [Makefile:95: all] Error 2
