[0.009s] Invoking command in '/home/gbekeadesiyun/software_training/src/software_training_assignment/build/software_training_assignment': CMAKE_PREFIX_PATH=/opt/ros/foxy /usr/bin/cmake --build /home/gbekeadesiyun/software_training/src/software_training_assignment/build/software_training_assignment -- -j1 -l1
[0.060s] CMake Warning (dev) at CMakeLists.txt:32:
[0.060s]   Syntax Warning in cmake code at column 106
[0.060s] 
[0.060s]   Argument not separated from preceding token by whitespace.
[0.060s] This warning is for project developers.  Use -Wno-dev to suppress it.
[0.060s] 
[0.066s] -- Found ament_cmake: 0.9.8 (/opt/ros/foxy/share/ament_cmake/cmake)
[0.089s] -- Using PYTHON_EXECUTABLE: /usr/bin/python3
[0.290s] -- Found rclcpp: 2.3.1 (/opt/ros/foxy/share/rclcpp/cmake)
[0.329s] -- Using all available rosidl_typesupport_c: rosidl_typesupport_fastrtps_c;rosidl_typesupport_introspection_c
[0.333s] -- Found rosidl_adapter: 1.2.1 (/opt/ros/foxy/share/rosidl_adapter/cmake)
[0.471s] -- Using all available rosidl_typesupport_cpp: rosidl_typesupport_fastrtps_cpp;rosidl_typesupport_introspection_cpp
[0.524s] -- Found rmw_implementation_cmake: 1.0.3 (/opt/ros/foxy/share/rmw_implementation_cmake/cmake)
[0.525s] -- Using RMW implementation 'rmw_fastrtps_cpp' as default
[0.668s] -- Found turtlesim: 1.2.5 (/opt/ros/foxy/share/turtlesim/cmake)
[0.783s] -- Found rclcpp_components: 2.3.1 (/opt/ros/foxy/share/rclcpp_components/cmake)
[0.844s] -- Found geometry_msgs: 2.0.4 (/opt/ros/foxy/share/geometry_msgs/cmake)
[0.944s] -- Configuring done
[0.973s] -- Generating done
[0.976s] -- Build files have been written to: /home/gbekeadesiyun/software_training/src/software_training_assignment/build/software_training_assignment
[1.027s] [ 50%] [32mBuilding CXX object CMakeFiles/circular_publisher.dir/src/circular_move_publisher.cpp.o[0m
[2.985s] In file included from [01m[K/home/gbekeadesiyun/software_training/src/software_training_assignment/src/circular_move_publisher.cpp:1[m[K:
[2.985s] [01m[K/home/gbekeadesiyun/software_training/src/software_training_assignment/include/software_training_assignment/circular_move_publisher.hpp:20:5:[m[K [01;31m[Kerror: [m[Kâ€˜[01m[KSOFTWARE_TRAINING_ASSIGNMENT_PUBLIC[m[Kâ€™ does not name a type
[2.985s]    20 |     [01;31m[KSOFTWARE_TRAINING_ASSIGNMENT_PUBLIC[m[K
[2.985s]       |     [01;31m[K^~~~~~~~~~~~~~~~~~~~~~~~~~~~~~~~~~~[m[K
[3.002s] [01m[K/home/gbekeadesiyun/software_training/src/software_training_assignment/include/software_training_assignment/circular_move_publisher.hpp:37:31:[m[K [01;31m[Kerror: [m[Kâ€˜[01m[Kconstexpr[m[Kâ€™ static data member â€˜[01m[Kmy_queue[m[Kâ€™ must have an initializer
[3.002s]    37 | static constexpr unsigned int [01;31m[Kmy_queue[m[K[10];
[3.002s]       |                               [01;31m[K^~~~~~~~[m[K
[3.003s] [01m[K/home/gbekeadesiyun/software_training/src/software_training_assignment/include/software_training_assignment/circular_move_publisher.hpp:44:32:[m[K [01;31m[Kerror: [m[Kâ€˜[01m[Kconstexpr[m[Kâ€™ static data member â€˜[01m[Kx[m[Kâ€™ must have an initializer
[3.003s]    44 |         static constexpr float [01;31m[Kx[m[K;
[3.003s]       |                                [01;31m[K^[m[K
[3.003s] [01m[K/home/gbekeadesiyun/software_training/src/software_training_assignment/include/software_training_assignment/circular_move_publisher.hpp:45:32:[m[K [01;31m[Kerror: [m[Kâ€˜[01m[Kconstexpr[m[Kâ€™ static data member â€˜[01m[Ky[m[Kâ€™ must have an initializer
[3.004s]    45 |         static constexpr float [01;31m[Ky[m[K;
[3.004s]       |                                [01;31m[K^[m[K
[3.004s] [01m[K/home/gbekeadesiyun/software_training/src/software_training_assignment/include/software_training_assignment/circular_move_publisher.hpp:46:32:[m[K [01;31m[Kerror: [m[Kâ€˜[01m[Kconstexpr[m[Kâ€™ static data member â€˜[01m[Kz[m[Kâ€™ must have an initializer
[3.004s]    46 |         static constexpr float [01;31m[Kz[m[K;
[3.004s]       |                                [01;31m[K^[m[K
[3.005s] [01m[K/home/gbekeadesiyun/software_training/src/software_training_assignment/include/software_training_assignment/circular_move_publisher.hpp:53:32:[m[K [01;31m[Kerror: [m[Kâ€˜[01m[Kconstexpr[m[Kâ€™ static data member â€˜[01m[Kx[m[Kâ€™ must have an initializer
[3.005s]    53 |         static constexpr float [01;31m[Kx[m[K;
[3.005s]       |                                [01;31m[K^[m[K
[3.005s] [01m[K/home/gbekeadesiyun/software_training/src/software_training_assignment/include/software_training_assignment/circular_move_publisher.hpp:54:32:[m[K [01;31m[Kerror: [m[Kâ€˜[01m[Kconstexpr[m[Kâ€™ static data member â€˜[01m[Ky[m[Kâ€™ must have an initializer
[3.005s]    54 |         static constexpr float [01;31m[Ky[m[K;
[3.005s]       |                                [01;31m[K^[m[K
[3.006s] [01m[K/home/gbekeadesiyun/software_training/src/software_training_assignment/include/software_training_assignment/circular_move_publisher.hpp:55:32:[m[K [01;31m[Kerror: [m[Kâ€˜[01m[Kconstexpr[m[Kâ€™ static data member â€˜[01m[Kz[m[Kâ€™ must have an initializer
[3.006s]    55 |         static constexpr float [01;31m[Kz[m[K;
[3.006s]       |                                [01;31m[K^[m[K
[3.010s] [01m[K/home/gbekeadesiyun/software_training/src/software_training_assignment/src/circular_move_publisher.cpp:10:1:[m[K [01;31m[Kerror: [m[Kâ€˜[01m[KCircular_move_publisher[m[Kâ€™ does not name a type; did you mean â€˜[01m[KCircular_move_publisher_hpp[m[Kâ€™?
[3.010s]    10 | [01;31m[KCircular_move_publisher[m[K::Circular_move_publisher(
[3.010s]       | [01;31m[K^~~~~~~~~~~~~~~~~~~~~~~[m[K
[3.011s]       | [32m[KCircular_move_publisher_hpp[m[K
[3.011s] [01m[K/home/gbekeadesiyun/software_training/src/software_training_assignment/src/circular_move_publisher.cpp:25:6:[m[K [01;31m[Kerror: [m[Kâ€˜[01m[KCircular_move_publisher[m[Kâ€™ has not been declared
[3.011s]    25 | void [01;31m[KCircular_move_publisher[m[K::timer_callback()
[3.012s]       |      [01;31m[K^~~~~~~~~~~~~~~~~~~~~~~[m[K
[3.020s] [01m[K/home/gbekeadesiyun/software_training/src/software_training_assignment/src/circular_move_publisher.cpp:[m[K In function â€˜[01m[Kvoid composition::timer_callback()[m[Kâ€™:
[3.020s] [01m[K/home/gbekeadesiyun/software_training/src/software_training_assignment/src/circular_move_publisher.cpp:29:25:[m[K [01;31m[Kerror: [m[Kâ€˜[01m[KCircular_move_publisher[m[Kâ€™ has not been declared
[3.020s]    29 |     message->linear.x = [01;31m[KCircular_move_publisher[m[K::coordinates.linear.x;
[3.021s]       |                         [01;31m[K^~~~~~~~~~~~~~~~~~~~~~~[m[K
[3.021s] [01m[K/home/gbekeadesiyun/software_training/src/software_training_assignment/src/circular_move_publisher.cpp:30:25:[m[K [01;31m[Kerror: [m[Kâ€˜[01m[KCircular_move_publisher[m[Kâ€™ has not been declared
[3.021s]    30 |     message->linear.y = [01;31m[KCircular_move_publisher[m[K::coordinates.linear.y;
[3.021s]       |                         [01;31m[K^~~~~~~~~~~~~~~~~~~~~~~[m[K
[3.022s] [01m[K/home/gbekeadesiyun/software_training/src/software_training_assignment/src/circular_move_publisher.cpp:31:25:[m[K [01;31m[Kerror: [m[Kâ€˜[01m[KCircular_move_publisher[m[Kâ€™ has not been declared
[3.022s]    31 |     message->linear.z = [01;31m[KCircular_move_publisher[m[K::coordinates.linear.z;
[3.022s]       |                         [01;31m[K^~~~~~~~~~~~~~~~~~~~~~~[m[K
[3.022s] [01m[K/home/gbekeadesiyun/software_training/src/software_training_assignment/src/circular_move_publisher.cpp:33:26:[m[K [01;31m[Kerror: [m[Kâ€˜[01m[KCircular_move_publisher[m[Kâ€™ has not been declared
[3.023s]    33 |     message->angular.x = [01;31m[KCircular_move_publisher[m[K::coordinates.angular.x;
[3.023s]       |                          [01;31m[K^~~~~~~~~~~~~~~~~~~~~~~[m[K
[3.023s] [01m[K/home/gbekeadesiyun/software_training/src/software_training_assignment/src/circular_move_publisher.cpp:34:26:[m[K [01;31m[Kerror: [m[Kâ€˜[01m[KCircular_move_publisher[m[Kâ€™ has not been declared
[3.023s]    34 |     message->angular.y = [01;31m[KCircular_move_publisher[m[K::coordinates.angular.y;
[3.023s]       |                          [01;31m[K^~~~~~~~~~~~~~~~~~~~~~~[m[K
[3.024s] [01m[K/home/gbekeadesiyun/software_training/src/software_training_assignment/src/circular_move_publisher.cpp:35:26:[m[K [01;31m[Kerror: [m[Kâ€˜[01m[KCircular_move_publisher[m[Kâ€™ has not been declared
[3.024s]    35 |     message->angular.z = [01;31m[KCircular_move_publisher[m[K::coordinates.angular.z;
[3.024s]       |                          [01;31m[K^~~~~~~~~~~~~~~~~~~~~~~[m[K
[3.027s] [01m[K/home/gbekeadesiyun/software_training/src/software_training_assignment/src/circular_move_publisher.cpp:37:5:[m[K [01;31m[Kerror: [m[Kâ€˜[01m[Kpublisher[m[Kâ€™ was not declared in this scope
[3.027s]    37 |     [01;31m[Kpublisher[m[K->publish(std::move(message));
[3.028s]       |     [01;31m[K^~~~~~~~~[m[K
[3.050s] In file included from [01m[K/opt/ros/foxy/include/class_loader/class_loader.hpp:56[m[K,
[3.051s]                  from [01m[K/opt/ros/foxy/include/rclcpp_components/register_node_macro.hpp:18[m[K,
[3.051s]                  from [01m[K/home/gbekeadesiyun/software_training/src/software_training_assignment/src/circular_move_publisher.cpp:42[m[K:
[3.051s] [01m[K/home/gbekeadesiyun/software_training/src/software_training_assignment/src/circular_move_publisher.cpp:[m[K At global scope:
[3.051s] [01m[K/home/gbekeadesiyun/software_training/src/software_training_assignment/src/circular_move_publisher.cpp:45:46:[m[K [01;31m[Kerror: [m[Kâ€˜[01m[KCircular_move_publisher[m[Kâ€™ is not a member of â€˜[01m[Kcomposition[m[Kâ€™; did you mean â€˜[01m[KCircular_move_publisher_hpp[m[Kâ€™?
[3.051s]    45 | RCLCPP_COMPONENTS_REGISTER_NODE(composition::[01;31m[KCircular_move_publisher[m[K)
[3.051s]       |                                              [01;31m[K^~~~~~~~~~~~~~~~~~~~~~~[m[K
[3.052s] [01m[K/home/gbekeadesiyun/software_training/src/software_training_assignment/src/circular_move_publisher.cpp:45:46:[m[K [01;31m[Kerror: [m[Kâ€˜[01m[KCircular_move_publisher[m[Kâ€™ is not a member of â€˜[01m[Kcomposition[m[Kâ€™; did you mean â€˜[01m[KCircular_move_publisher_hpp[m[Kâ€™?
[3.052s] [01m[K/home/gbekeadesiyun/software_training/src/software_training_assignment/src/circular_move_publisher.cpp:45:1:[m[K [01;31m[Kerror: [m[Ktemplate argument 1 is invalid
[3.052s]    45 | [01;31m[KRCLCPP_COMPONENTS_REGISTER_NODE[m[K(composition::Circular_move_publisher)
[3.052s]       | [01;31m[K^~~~~~~~~~~~~~~~~~~~~~~~~~~~~~~[m[K
[3.480s] In file included from [01m[K/opt/ros/foxy/include/class_loader/class_loader_core.hpp:57[m[K,
[3.480s]                  from [01m[K/opt/ros/foxy/include/class_loader/class_loader.hpp:55[m[K,
[3.480s]                  from [01m[K/opt/ros/foxy/include/rclcpp_components/register_node_macro.hpp:18[m[K,
[3.480s]                  from [01m[K/home/gbekeadesiyun/software_training/src/software_training_assignment/src/circular_move_publisher.cpp:42[m[K:
[3.480s] /opt/ros/foxy/include/class_loader/meta_object.hpp: In instantiation of â€˜[01m[KB* class_loader::impl::MetaObject<C, B>::create() const [with C = int; B = rclcpp_components::NodeFactory][m[Kâ€™:
[3.480s] [01m[K/opt/ros/foxy/include/class_loader/meta_object.hpp:216:7:[m[K   required from here
[3.480s] [01m[K/opt/ros/foxy/include/class_loader/meta_object.hpp:218:12:[m[K [01;31m[Kerror: [m[Kcannot convert â€˜[01m[Kint*[m[Kâ€™ to â€˜[01m[Krclcpp_components::NodeFactory*[m[Kâ€™ in return
[3.481s]   218 |     return [01;31m[Knew C[m[K;
[3.481s]       |            [01;31m[K^~~~~[m[K
[3.481s]       |            [01;31m[K|[m[K
[3.481s]       |            [01;31m[Kint*[m[K
[3.579s] make[2]: *** [CMakeFiles/circular_publisher.dir/build.make:63: CMakeFiles/circular_publisher.dir/src/circular_move_publisher.cpp.o] Error 1
[3.581s] make[1]: *** [CMakeFiles/Makefile2:78: CMakeFiles/circular_publisher.dir/all] Error 2
[3.582s] make: *** [Makefile:95: all] Error 2
[3.609s] Invoked command in '/home/gbekeadesiyun/software_training/src/software_training_assignment/build/software_training_assignment' returned '2': CMAKE_PREFIX_PATH=/opt/ros/foxy /usr/bin/cmake --build /home/gbekeadesiyun/software_training/src/software_training_assignment/build/software_training_assignment -- -j1 -l1
