[0.057s] Invoking command in '/home/gbekeadesiyun/software_training/src/software_training_assignment/build/software_training_assignment': CMAKE_PREFIX_PATH=/opt/ros/foxy /usr/bin/cmake --build /home/gbekeadesiyun/software_training/src/software_training_assignment/build/software_training_assignment -- -j1 -l1
[0.207s] CMake Warning (dev) at CMakeLists.txt:29:
[0.207s]   Syntax Warning in cmake code at column 106
[0.207s] 
[0.207s]   Argument not separated from preceding token by whitespace.
[0.207s] This warning is for project developers.  Use -Wno-dev to suppress it.
[0.207s] 
[0.236s] -- Found ament_cmake: 0.9.8 (/opt/ros/foxy/share/ament_cmake/cmake)
[0.277s] -- Using PYTHON_EXECUTABLE: /usr/bin/python3
[0.609s] -- Found rclcpp: 2.3.1 (/opt/ros/foxy/share/rclcpp/cmake)
[0.688s] -- Using all available rosidl_typesupport_c: rosidl_typesupport_fastrtps_c;rosidl_typesupport_introspection_c
[0.697s] -- Found rosidl_adapter: 1.2.1 (/opt/ros/foxy/share/rosidl_adapter/cmake)
[0.882s] -- Using all available rosidl_typesupport_cpp: rosidl_typesupport_fastrtps_cpp;rosidl_typesupport_introspection_cpp
[0.980s] -- Found rmw_implementation_cmake: 1.0.3 (/opt/ros/foxy/share/rmw_implementation_cmake/cmake)
[0.984s] -- Using RMW implementation 'rmw_fastrtps_cpp' as default
[1.219s] -- Found turtlesim: 1.2.5 (/opt/ros/foxy/share/turtlesim/cmake)
[1.412s] -- Found rclcpp_components: 2.3.1 (/opt/ros/foxy/share/rclcpp_components/cmake)
[1.514s] -- Found geometry_msgs: 2.0.4 (/opt/ros/foxy/share/geometry_msgs/cmake)
[1.569s] -- Configuring done
[1.596s] -- Generating done
[1.599s] -- Build files have been written to: /home/gbekeadesiyun/software_training/src/software_training_assignment/build/software_training_assignment
[1.630s] [35m[1mScanning dependencies of target circular_publisher[0m
[1.757s] [ 50%] [32mBuilding CXX object CMakeFiles/circular_publisher.dir/src/circular_move_publisher.cpp.o[0m
[1.800s] [01m[K/home/gbekeadesiyun/software_training/src/software_training_assignment/src/circular_move_publisher.cpp:1:10:[m[K [01;31m[Kfatal error: [m[Ksoftware_training_assignment/circular_move_publisher.hpp: No such file or directory
[1.800s]     1 | #include [01;31m[K<software_training_assignment/circular_move_publisher.hpp>[m[K
[1.800s]       |          [01;31m[K^~~~~~~~~~~~~~~~~~~~~~~~~~~~~~~~~~~~~~~~~~~~~~~~~~~~~~~~~~[m[K
[1.801s] compilation terminated.
[1.802s] make[2]: *** [CMakeFiles/circular_publisher.dir/build.make:63: CMakeFiles/circular_publisher.dir/src/circular_move_publisher.cpp.o] Error 1
[1.803s] make[1]: *** [CMakeFiles/Makefile2:78: CMakeFiles/circular_publisher.dir/all] Error 2
[1.809s] make: *** [Makefile:141: all] Error 2
[1.810s] Invoked command in '/home/gbekeadesiyun/software_training/src/software_training_assignment/build/software_training_assignment' returned '2': CMAKE_PREFIX_PATH=/opt/ros/foxy /usr/bin/cmake --build /home/gbekeadesiyun/software_training/src/software_training_assignment/build/software_training_assignment -- -j1 -l1
