[0.041s] Invoking command in '/home/gbekeadesiyun/software_training/src/software_training_assignment/build/software_training_assignment': CMAKE_PREFIX_PATH=/opt/ros/foxy /usr/bin/cmake --build /home/gbekeadesiyun/software_training/src/software_training_assignment/build/software_training_assignment -- -j1 -l1
[0.141s] [35m[1mScanning dependencies of target circular_publisher[0m
[0.234s] [ 50%] [32mBuilding CXX object CMakeFiles/circular_publisher.dir/src/circular_move_publisher.cpp.o[0m
[2.293s] In file included from [01m[K/home/gbekeadesiyun/software_training/src/software_training_assignment/src/circular_move_publisher.cpp:1[m[K:
[2.293s] [01m[K/home/gbekeadesiyun/software_training/src/software_training_assignment/include/software_training_assignment/circular_move_publisher.hpp:20:5:[m[K [01;31m[Kerror: [m[Kâ€˜[01m[KSOFTWARE_TRAINING_ASSIGNMENT_PUBLIC[m[Kâ€™ does not name a type
[2.293s]    20 |     [01;31m[KSOFTWARE_TRAINING_ASSIGNMENT_PUBLIC[m[K
[2.293s]       |     [01;31m[K^~~~~~~~~~~~~~~~~~~~~~~~~~~~~~~~~~~[m[K
[2.300s] [01m[K/home/gbekeadesiyun/software_training/src/software_training_assignment/include/software_training_assignment/circular_move_publisher.hpp:37:31:[m[K [01;31m[Kerror: [m[Kâ€˜[01m[Kconstexpr[m[Kâ€™ static data member â€˜[01m[Kmy_queue[m[Kâ€™ must have an initializer
[2.300s]    37 | static constexpr unsigned int [01;31m[Kmy_queue[m[K[10];
[2.300s]       |                               [01;31m[K^~~~~~~~[m[K
[2.300s] [01m[K/home/gbekeadesiyun/software_training/src/software_training_assignment/include/software_training_assignment/circular_move_publisher.hpp:44:32:[m[K [01;31m[Kerror: [m[Kâ€˜[01m[Kconstexpr[m[Kâ€™ static data member â€˜[01m[Kx[m[Kâ€™ must have an initializer
[2.300s]    44 |         static constexpr float [01;31m[Kx[m[K;
[2.300s]       |                                [01;31m[K^[m[K
[2.300s] [01m[K/home/gbekeadesiyun/software_training/src/software_training_assignment/include/software_training_assignment/circular_move_publisher.hpp:45:32:[m[K [01;31m[Kerror: [m[Kâ€˜[01m[Kconstexpr[m[Kâ€™ static data member â€˜[01m[Ky[m[Kâ€™ must have an initializer
[2.301s]    45 |         static constexpr float [01;31m[Ky[m[K;
[2.301s]       |                                [01;31m[K^[m[K
[2.301s] [01m[K/home/gbekeadesiyun/software_training/src/software_training_assignment/include/software_training_assignment/circular_move_publisher.hpp:46:32:[m[K [01;31m[Kerror: [m[Kâ€˜[01m[Kconstexpr[m[Kâ€™ static data member â€˜[01m[Kz[m[Kâ€™ must have an initializer
[2.301s]    46 |         static constexpr float [01;31m[Kz[m[K;
[2.301s]       |                                [01;31m[K^[m[K
[2.301s] [01m[K/home/gbekeadesiyun/software_training/src/software_training_assignment/include/software_training_assignment/circular_move_publisher.hpp:53:32:[m[K [01;31m[Kerror: [m[Kâ€˜[01m[Kconstexpr[m[Kâ€™ static data member â€˜[01m[Kx[m[Kâ€™ must have an initializer
[2.301s]    53 |         static constexpr float [01;31m[Kx[m[K;
[2.302s]       |                                [01;31m[K^[m[K
[2.302s] [01m[K/home/gbekeadesiyun/software_training/src/software_training_assignment/include/software_training_assignment/circular_move_publisher.hpp:54:32:[m[K [01;31m[Kerror: [m[Kâ€˜[01m[Kconstexpr[m[Kâ€™ static data member â€˜[01m[Ky[m[Kâ€™ must have an initializer
[2.302s]    54 |         static constexpr float [01;31m[Ky[m[K;
[2.302s]       |                                [01;31m[K^[m[K
[2.302s] [01m[K/home/gbekeadesiyun/software_training/src/software_training_assignment/include/software_training_assignment/circular_move_publisher.hpp:55:32:[m[K [01;31m[Kerror: [m[Kâ€˜[01m[Kconstexpr[m[Kâ€™ static data member â€˜[01m[Kz[m[Kâ€™ must have an initializer
[2.302s]    55 |         static constexpr float [01;31m[Kz[m[K;
[2.302s]       |                                [01;31m[K^[m[K
[2.304s] [01m[K/home/gbekeadesiyun/software_training/src/software_training_assignment/src/circular_move_publisher.cpp:8:1:[m[K [01;31m[Kerror: [m[Kâ€˜[01m[KCircular_move_publisher[m[Kâ€™ does not name a type; did you mean â€˜[01m[KCircular_move_publisher_hpp[m[Kâ€™?
[2.305s]     8 | [01;31m[KCircular_move_publisher[m[K::Circular_move_publisher(
[2.305s]       | [01;31m[K^~~~~~~~~~~~~~~~~~~~~~~[m[K
[2.305s]       | [32m[KCircular_move_publisher_hpp[m[K
[2.305s] [01m[K/home/gbekeadesiyun/software_training/src/software_training_assignment/src/circular_move_publisher.cpp:21:6:[m[K [01;31m[Kerror: [m[Kâ€˜[01m[KCircular_move_publisher[m[Kâ€™ has not been declared
[2.305s]    21 | void [01;31m[KCircular_move_publisher[m[K::timer_callback()
[2.305s]       |      [01;31m[K^~~~~~~~~~~~~~~~~~~~~~~[m[K
[2.313s] [01m[K/home/gbekeadesiyun/software_training/src/software_training_assignment/src/circular_move_publisher.cpp:[m[K In function â€˜[01m[Kvoid composition::timer_callback()[m[Kâ€™:
[2.314s] [01m[K/home/gbekeadesiyun/software_training/src/software_training_assignment/src/circular_move_publisher.cpp:25:25:[m[K [01;31m[Kerror: [m[Kâ€˜[01m[KCircular_move_publisher[m[Kâ€™ has not been declared
[2.314s]    25 |     message->linear.x = [01;31m[KCircular_move_publisher[m[K::coordinates.linear.x;
[2.314s]       |                         [01;31m[K^~~~~~~~~~~~~~~~~~~~~~~[m[K
[2.314s] [01m[K/home/gbekeadesiyun/software_training/src/software_training_assignment/src/circular_move_publisher.cpp:26:25:[m[K [01;31m[Kerror: [m[Kâ€˜[01m[KCircular_move_publisher[m[Kâ€™ has not been declared
[2.314s]    26 |     message->linear.y = [01;31m[KCircular_move_publisher[m[K::coordinates.linear.y;
[2.314s]       |                         [01;31m[K^~~~~~~~~~~~~~~~~~~~~~~[m[K
[2.315s] [01m[K/home/gbekeadesiyun/software_training/src/software_training_assignment/src/circular_move_publisher.cpp:27:25:[m[K [01;31m[Kerror: [m[Kâ€˜[01m[KCircular_move_publisher[m[Kâ€™ has not been declared
[2.315s]    27 |     message->linear.z = [01;31m[KCircular_move_publisher[m[K::coordinates.linear.z;
[2.315s]       |                         [01;31m[K^~~~~~~~~~~~~~~~~~~~~~~[m[K
[2.315s] [01m[K/home/gbekeadesiyun/software_training/src/software_training_assignment/src/circular_move_publisher.cpp:29:26:[m[K [01;31m[Kerror: [m[Kâ€˜[01m[KCircular_move_publisher[m[Kâ€™ has not been declared
[2.315s]    29 |     message->angular.x = [01;31m[KCircular_move_publisher[m[K::coordinates.angular.x;
[2.316s]       |                          [01;31m[K^~~~~~~~~~~~~~~~~~~~~~~[m[K
[2.316s] [01m[K/home/gbekeadesiyun/software_training/src/software_training_assignment/src/circular_move_publisher.cpp:30:26:[m[K [01;31m[Kerror: [m[Kâ€˜[01m[KCircular_move_publisher[m[Kâ€™ has not been declared
[2.316s]    30 |     message->angular.y = [01;31m[KCircular_move_publisher[m[K::coordinates.angular.y;
[2.319s]       |                          [01;31m[K^~~~~~~~~~~~~~~~~~~~~~~[m[K
[2.319s] [01m[K/home/gbekeadesiyun/software_training/src/software_training_assignment/src/circular_move_publisher.cpp:31:26:[m[K [01;31m[Kerror: [m[Kâ€˜[01m[KCircular_move_publisher[m[Kâ€™ has not been declared
[2.319s]    31 |     message->angular.z = [01;31m[KCircular_move_publisher[m[K::coordinates.angular.z;
[2.319s]       |                          [01;31m[K^~~~~~~~~~~~~~~~~~~~~~~[m[K
[2.319s] [01m[K/home/gbekeadesiyun/software_training/src/software_training_assignment/src/circular_move_publisher.cpp:33:5:[m[K [01;31m[Kerror: [m[Kinvalid use of â€˜[01m[Kthis[m[Kâ€™ in non-member function
[2.320s]    33 |     [01;31m[Kthis[m[K->publisher->publish(std::move(message));
[2.320s]       |     [01;31m[K^~~~[m[K
[2.333s] In file included from [01m[K/opt/ros/foxy/include/class_loader/class_loader.hpp:56[m[K,
[2.333s]                  from [01m[K/opt/ros/foxy/include/rclcpp_components/register_node_macro.hpp:18[m[K,
[2.333s]                  from [01m[K/home/gbekeadesiyun/software_training/src/software_training_assignment/src/circular_move_publisher.cpp:38[m[K:
[2.334s] [01m[K/home/gbekeadesiyun/software_training/src/software_training_assignment/src/circular_move_publisher.cpp:[m[K At global scope:
[2.334s] [01m[K/home/gbekeadesiyun/software_training/src/software_training_assignment/src/circular_move_publisher.cpp:41:46:[m[K [01;31m[Kerror: [m[Kâ€˜[01m[KCircular_move_publisher[m[Kâ€™ is not a member of â€˜[01m[Kcomposition[m[Kâ€™; did you mean â€˜[01m[KCircular_move_publisher_hpp[m[Kâ€™?
[2.334s]    41 | RCLCPP_COMPONENTS_REGISTER_NODE(composition::[01;31m[KCircular_move_publisher[m[K)
[2.334s]       |                                              [01;31m[K^~~~~~~~~~~~~~~~~~~~~~~[m[K
[2.334s] [01m[K/home/gbekeadesiyun/software_training/src/software_training_assignment/src/circular_move_publisher.cpp:41:46:[m[K [01;31m[Kerror: [m[Kâ€˜[01m[KCircular_move_publisher[m[Kâ€™ is not a member of â€˜[01m[Kcomposition[m[Kâ€™; did you mean â€˜[01m[KCircular_move_publisher_hpp[m[Kâ€™?
[2.334s] [01m[K/home/gbekeadesiyun/software_training/src/software_training_assignment/src/circular_move_publisher.cpp:41:1:[m[K [01;31m[Kerror: [m[Ktemplate argument 1 is invalid
[2.334s]    41 | [01;31m[KRCLCPP_COMPONENTS_REGISTER_NODE[m[K(composition::Circular_move_publisher)
[2.334s]       | [01;31m[K^~~~~~~~~~~~~~~~~~~~~~~~~~~~~~~[m[K
[2.335s] [01m[K/home/gbekeadesiyun/software_training/src/software_training_assignment/src/circular_move_publisher.cpp:50:1:[m[K [01;31m[Kerror: [m[Kexpected declaration before â€˜[01m[K}[m[Kâ€™ token
[2.335s]    50 | [01;31m[K}[m[K
[2.335s]       | [01;31m[K^[m[K
[2.771s] In file included from [01m[K/opt/ros/foxy/include/class_loader/class_loader_core.hpp:57[m[K,
[2.771s]                  from [01m[K/opt/ros/foxy/include/class_loader/class_loader.hpp:55[m[K,
[2.771s]                  from [01m[K/opt/ros/foxy/include/rclcpp_components/register_node_macro.hpp:18[m[K,
[2.771s]                  from [01m[K/home/gbekeadesiyun/software_training/src/software_training_assignment/src/circular_move_publisher.cpp:38[m[K:
[2.771s] /opt/ros/foxy/include/class_loader/meta_object.hpp: In instantiation of â€˜[01m[KB* class_loader::impl::MetaObject<C, B>::create() const [with C = int; B = rclcpp_components::NodeFactory][m[Kâ€™:
[2.771s] [01m[K/opt/ros/foxy/include/class_loader/meta_object.hpp:216:7:[m[K   required from here
[2.772s] [01m[K/opt/ros/foxy/include/class_loader/meta_object.hpp:218:12:[m[K [01;31m[Kerror: [m[Kcannot convert â€˜[01m[Kint*[m[Kâ€™ to â€˜[01m[Krclcpp_components::NodeFactory*[m[Kâ€™ in return
[2.772s]   218 |     return [01;31m[Knew C[m[K;
[2.772s]       |            [01;31m[K^~~~~[m[K
[2.772s]       |            [01;31m[K|[m[K
[2.772s]       |            [01;31m[Kint*[m[K
[2.857s] make[2]: *** [CMakeFiles/circular_publisher.dir/build.make:63: CMakeFiles/circular_publisher.dir/src/circular_move_publisher.cpp.o] Error 1
[2.860s] make[1]: *** [CMakeFiles/Makefile2:78: CMakeFiles/circular_publisher.dir/all] Error 2
[2.860s] make: *** [Makefile:95: all] Error 2
[2.863s] Invoked command in '/home/gbekeadesiyun/software_training/src/software_training_assignment/build/software_training_assignment' returned '2': CMAKE_PREFIX_PATH=/opt/ros/foxy /usr/bin/cmake --build /home/gbekeadesiyun/software_training/src/software_training_assignment/build/software_training_assignment -- -j1 -l1
