[0.042s] Invoking command in '/home/gbekeadesiyun/software_training/src/software_training_assignment/build/software_training_assignment': CMAKE_PREFIX_PATH=/opt/ros/foxy /usr/bin/cmake --build /home/gbekeadesiyun/software_training/src/software_training_assignment/build/software_training_assignment -- -j1 -l1
[0.112s] [35m[1mScanning dependencies of target circular_publisher[0m
[0.153s] [ 50%] [32mBuilding CXX object CMakeFiles/circular_publisher.dir/src/circular_move_publisher.cpp.o[0m
[1.587s] In file included from [01m[K/home/gbekeadesiyun/software_training/src/software_training_assignment/src/circular_move_publisher.cpp:1[m[K:
[1.587s] [01m[K/home/gbekeadesiyun/software_training/src/software_training_assignment/include/software_training_assignment/circular_move_publisher.hpp:20:5:[m[K [01;31m[Kerror: [m[Kâ€˜[01m[KSOFTWARE_TRAINING_ASSIGNMENT_PUBLIC[m[Kâ€™ does not name a type
[1.588s]    20 |     [01;31m[KSOFTWARE_TRAINING_ASSIGNMENT_PUBLIC[m[K
[1.588s]       |     [01;31m[K^~~~~~~~~~~~~~~~~~~~~~~~~~~~~~~~~~~[m[K
[1.593s] [01m[K/home/gbekeadesiyun/software_training/src/software_training_assignment/include/software_training_assignment/circular_move_publisher.hpp:37:31:[m[K [01;31m[Kerror: [m[Kâ€˜[01m[Kconstexpr[m[Kâ€™ static data member â€˜[01m[Kmy_queue[m[Kâ€™ must have an initializer
[1.593s]    37 | static constexpr unsigned int [01;31m[Kmy_queue[m[K[10];
[1.593s]       |                               [01;31m[K^~~~~~~~[m[K
[1.596s] [01m[K/home/gbekeadesiyun/software_training/src/software_training_assignment/src/circular_move_publisher.cpp:10:1:[m[K [01;31m[Kerror: [m[Kâ€˜[01m[KCircular_move_publisher[m[Kâ€™ does not name a type; did you mean â€˜[01m[KCircular_move_publisher_hpp[m[Kâ€™?
[1.596s]    10 | [01;31m[KCircular_move_publisher[m[K::Circular_move_publisher(
[1.596s]       | [01;31m[K^~~~~~~~~~~~~~~~~~~~~~~[m[K
[1.596s]       | [32m[KCircular_move_publisher_hpp[m[K
[1.597s] [01m[K/home/gbekeadesiyun/software_training/src/software_training_assignment/src/circular_move_publisher.cpp:25:6:[m[K [01;31m[Kerror: [m[Kâ€˜[01m[KCircular_move_publisher[m[Kâ€™ has not been declared
[1.597s]    25 | void [01;31m[KCircular_move_publisher[m[K::timer_callback()
[1.597s]       |      [01;31m[K^~~~~~~~~~~~~~~~~~~~~~~[m[K
[1.604s] [01m[K/home/gbekeadesiyun/software_training/src/software_training_assignment/src/circular_move_publisher.cpp:[m[K In function â€˜[01m[Kvoid composition::timer_callback()[m[Kâ€™:
[1.604s] [01m[K/home/gbekeadesiyun/software_training/src/software_training_assignment/src/circular_move_publisher.cpp:29:25:[m[K [01;31m[Kerror: [m[Kâ€˜[01m[KCircular_move_publisher[m[Kâ€™ has not been declared
[1.604s]    29 |     message->linear.x = [01;31m[KCircular_move_publisher[m[K::coordinates.linear.x;
[1.604s]       |                         [01;31m[K^~~~~~~~~~~~~~~~~~~~~~~[m[K
[1.604s] [01m[K/home/gbekeadesiyun/software_training/src/software_training_assignment/src/circular_move_publisher.cpp:30:25:[m[K [01;31m[Kerror: [m[Kâ€˜[01m[KCircular_move_publisher[m[Kâ€™ has not been declared
[1.605s]    30 |     message->linear.y = [01;31m[KCircular_move_publisher[m[K::coordinates.linear.y;
[1.605s]       |                         [01;31m[K^~~~~~~~~~~~~~~~~~~~~~~[m[K
[1.605s] [01m[K/home/gbekeadesiyun/software_training/src/software_training_assignment/src/circular_move_publisher.cpp:31:25:[m[K [01;31m[Kerror: [m[Kâ€˜[01m[KCircular_move_publisher[m[Kâ€™ has not been declared
[1.605s]    31 |     message->linear.z = [01;31m[KCircular_move_publisher[m[K::coordinates.linear.z;
[1.605s]       |                         [01;31m[K^~~~~~~~~~~~~~~~~~~~~~~[m[K
[1.605s] [01m[K/home/gbekeadesiyun/software_training/src/software_training_assignment/src/circular_move_publisher.cpp:33:26:[m[K [01;31m[Kerror: [m[Kâ€˜[01m[KCircular_move_publisher[m[Kâ€™ has not been declared
[1.605s]    33 |     message->angular.x = [01;31m[KCircular_move_publisher[m[K::coordinates.angular.x;
[1.606s]       |                          [01;31m[K^~~~~~~~~~~~~~~~~~~~~~~[m[K
[1.606s] [01m[K/home/gbekeadesiyun/software_training/src/software_training_assignment/src/circular_move_publisher.cpp:34:26:[m[K [01;31m[Kerror: [m[Kâ€˜[01m[KCircular_move_publisher[m[Kâ€™ has not been declared
[1.606s]    34 |     message->angular.y = [01;31m[KCircular_move_publisher[m[K::coordinates.angular.y;
[1.606s]       |                          [01;31m[K^~~~~~~~~~~~~~~~~~~~~~~[m[K
[1.606s] [01m[K/home/gbekeadesiyun/software_training/src/software_training_assignment/src/circular_move_publisher.cpp:35:26:[m[K [01;31m[Kerror: [m[Kâ€˜[01m[KCircular_move_publisher[m[Kâ€™ has not been declared
[1.606s]    35 |     message->angular.z = [01;31m[KCircular_move_publisher[m[K::coordinates.angular.z;
[1.606s]       |                          [01;31m[K^~~~~~~~~~~~~~~~~~~~~~~[m[K
[1.608s] [01m[K/home/gbekeadesiyun/software_training/src/software_training_assignment/src/circular_move_publisher.cpp:37:5:[m[K [01;31m[Kerror: [m[Kâ€˜[01m[Kpublisher[m[Kâ€™ was not declared in this scope
[1.608s]    37 |     [01;31m[Kpublisher[m[K->publish(std::move(message));
[1.609s]       |     [01;31m[K^~~~~~~~~[m[K
[1.622s] In file included from [01m[K/opt/ros/foxy/include/class_loader/class_loader.hpp:56[m[K,
[1.623s]                  from [01m[K/opt/ros/foxy/include/rclcpp_components/register_node_macro.hpp:18[m[K,
[1.623s]                  from [01m[K/home/gbekeadesiyun/software_training/src/software_training_assignment/src/circular_move_publisher.cpp:42[m[K:
[1.623s] [01m[K/home/gbekeadesiyun/software_training/src/software_training_assignment/src/circular_move_publisher.cpp:[m[K At global scope:
[1.623s] [01m[K/home/gbekeadesiyun/software_training/src/software_training_assignment/src/circular_move_publisher.cpp:45:46:[m[K [01;31m[Kerror: [m[Kâ€˜[01m[KCircular_move_publisher[m[Kâ€™ is not a member of â€˜[01m[Kcomposition[m[Kâ€™; did you mean â€˜[01m[KCircular_move_publisher_hpp[m[Kâ€™?
[1.623s]    45 | RCLCPP_COMPONENTS_REGISTER_NODE(composition::[01;31m[KCircular_move_publisher[m[K)
[1.623s]       |                                              [01;31m[K^~~~~~~~~~~~~~~~~~~~~~~[m[K
[1.623s] [01m[K/home/gbekeadesiyun/software_training/src/software_training_assignment/src/circular_move_publisher.cpp:45:46:[m[K [01;31m[Kerror: [m[Kâ€˜[01m[KCircular_move_publisher[m[Kâ€™ is not a member of â€˜[01m[Kcomposition[m[Kâ€™; did you mean â€˜[01m[KCircular_move_publisher_hpp[m[Kâ€™?
[1.623s] [01m[K/home/gbekeadesiyun/software_training/src/software_training_assignment/src/circular_move_publisher.cpp:45:1:[m[K [01;31m[Kerror: [m[Ktemplate argument 1 is invalid
[1.624s]    45 | [01;31m[KRCLCPP_COMPONENTS_REGISTER_NODE[m[K(composition::Circular_move_publisher)
[1.624s]       | [01;31m[K^~~~~~~~~~~~~~~~~~~~~~~~~~~~~~~[m[K
[2.015s] In file included from [01m[K/opt/ros/foxy/include/class_loader/class_loader_core.hpp:57[m[K,
[2.015s]                  from [01m[K/opt/ros/foxy/include/class_loader/class_loader.hpp:55[m[K,
[2.016s]                  from [01m[K/opt/ros/foxy/include/rclcpp_components/register_node_macro.hpp:18[m[K,
[2.016s]                  from [01m[K/home/gbekeadesiyun/software_training/src/software_training_assignment/src/circular_move_publisher.cpp:42[m[K:
[2.016s] /opt/ros/foxy/include/class_loader/meta_object.hpp: In instantiation of â€˜[01m[KB* class_loader::impl::MetaObject<C, B>::create() const [with C = int; B = rclcpp_components::NodeFactory][m[Kâ€™:
[2.017s] [01m[K/opt/ros/foxy/include/class_loader/meta_object.hpp:216:7:[m[K   required from here
[2.017s] [01m[K/opt/ros/foxy/include/class_loader/meta_object.hpp:218:12:[m[K [01;31m[Kerror: [m[Kcannot convert â€˜[01m[Kint*[m[Kâ€™ to â€˜[01m[Krclcpp_components::NodeFactory*[m[Kâ€™ in return
[2.018s]   218 |     return [01;31m[Knew C[m[K;
[2.018s]       |            [01;31m[K^~~~~[m[K
[2.018s]       |            [01;31m[K|[m[K
[2.018s]       |            [01;31m[Kint*[m[K
[2.151s] make[2]: *** [CMakeFiles/circular_publisher.dir/build.make:63: CMakeFiles/circular_publisher.dir/src/circular_move_publisher.cpp.o] Error 1
[2.156s] make[1]: *** [CMakeFiles/Makefile2:78: CMakeFiles/circular_publisher.dir/all] Error 2
[2.157s] make: *** [Makefile:95: all] Error 2
[2.160s] Invoked command in '/home/gbekeadesiyun/software_training/src/software_training_assignment/build/software_training_assignment' returned '2': CMAKE_PREFIX_PATH=/opt/ros/foxy /usr/bin/cmake --build /home/gbekeadesiyun/software_training/src/software_training_assignment/build/software_training_assignment -- -j1 -l1
